<?xml version="1.0" encoding="UTF-8"?>
<!-- Generated by org.testng.reporters.JUnitReportReporter -->
<testsuite hostname="Sunitha" failures="0" tests="1" name="crudOperationswithBDD.DeletingProject" time="1.269" errors="0" timestamp="2022-09-02T16:46:45 IST" skipped="0">
  <testcase classname="crudOperationswithBDD.DeletingProject" name="deleteproj" time="1.269"/>
  <system-out/>
</testsuite> <!-- crudOperationswithBDD.DeletingProject -->
