<?xml version="1.0" encoding="UTF-8"?>
<!-- Generated by org.testng.reporters.JUnitReportReporter -->
<testsuite hostname="Sunitha" failures="0" tests="1" name="crudOperationswithBDD.GetSingleProject" time="1.212" errors="0" timestamp="2022-09-02T16:07:17 IST" skipped="0">
  <testcase classname="crudOperationswithBDD.GetSingleProject" name="getoneProject" time="1.212"/>
  <system-out/>
</testsuite> <!-- crudOperationswithBDD.GetSingleProject -->
