<?xml version="1.0" encoding="UTF-8"?>
<!-- Generated by org.testng.reporters.JUnitReportReporter -->
<testsuite hostname="Sunitha" failures="0" tests="1" name="crudOperationswithBDD.AddProjectTest" time="1.631" errors="0" timestamp="2022-09-02T15:46:05 IST" skipped="0">
  <testcase classname="crudOperationswithBDD.AddProjectTest" name="createProject" time="1.631"/>
  <system-out/>
</testsuite> <!-- crudOperationswithBDD.AddProjectTest -->
