<?xml version="1.0" encoding="UTF-8"?>
<!-- Generated by org.testng.reporters.JUnitReportReporter -->
<testsuite hostname="Sunitha" failures="0" tests="1" name="org.reqres.in.GetallUsers" time="3.233" errors="0" timestamp="2022-09-05T11:40:04 IST" skipped="0">
  <testcase classname="org.reqres.in.GetallUsers" name="singleUSer" time="3.233"/>
  <system-out/>
</testsuite> <!-- org.reqres.in.GetallUsers -->
