<?xml version="1.0" encoding="UTF-8"?>
<!-- Generated by org.testng.reporters.JUnitReportReporter -->
<testsuite hostname="Sunitha" failures="0" tests="1" name="pojoClass.PostProjectUsingHashMap" time="1.538" errors="0" timestamp="2022-09-03T10:55:19 IST" skipped="0">
  <testcase classname="pojoClass.PostProjectUsingHashMap" name="usingMapp" time="1.538"/>
  <system-out/>
</testsuite> <!-- pojoClass.PostProjectUsingHashMap -->
