<?xml version="1.0" encoding="UTF-8"?>
<!-- Generated by org.testng.reporters.JUnitReportReporter -->
<testsuite hostname="Sunitha" failures="0" tests="1" name="pojoClass.PostProject" time="1.501" errors="0" timestamp="2022-09-02T17:18:53 IST" skipped="0">
  <testcase classname="pojoClass.PostProject" name="addingtheProject" time="1.501"/>
  <system-out/>
</testsuite> <!-- pojoClass.PostProject -->
