<?xml version="1.0" encoding="UTF-8"?>
<!-- Generated by org.testng.reporters.JUnitReportReporter -->
<testsuite hostname="Sunitha" failures="0" tests="1" name="crudOperationwithoutBDD.GetAllProjects" time="1.369" errors="0" timestamp="2022-09-02T10:52:25 IST" skipped="0">
  <testcase classname="crudOperationwithoutBDD.GetAllProjects" name="getproj" time="1.369"/>
  <system-out/>
</testsuite> <!-- crudOperationwithoutBDD.GetAllProjects -->
