<?xml version="1.0" encoding="UTF-8"?>
<!-- Generated by org.testng.reporters.JUnitReportReporter -->
<testsuite hostname="Sunitha" failures="0" tests="1" name="pojoClass.PostProjectusingFileName" time="1.265" errors="0" timestamp="2022-09-03T11:22:30 IST" skipped="0">
  <testcase classname="pojoClass.PostProjectusingFileName" name="usingDataDriven" time="1.265"/>
  <system-out/>
</testsuite> <!-- pojoClass.PostProjectusingFileName -->
