<?xml version="1.0" encoding="UTF-8"?>
<!-- Generated by org.testng.reporters.JUnitReportReporter -->
<testsuite hostname="Sunitha" failures="0" tests="1" name="org.reqres.in.PostProject" time="3.901" errors="0" timestamp="2022-09-05T11:24:50 IST" skipped="0">
  <testcase classname="org.reqres.in.PostProject" name="postRequest" time="3.901"/>
  <system-out/>
</testsuite> <!-- org.reqres.in.PostProject -->
