<?xml version="1.0" encoding="UTF-8"?>
<!-- Generated by org.testng.reporters.JUnitReportReporter -->
<testsuite hostname="Sunitha" failures="0" tests="1" name="crudOperationwithoutBDD.PutProjectTest" time="1.465" errors="0" timestamp="2022-09-02T11:16:45 IST" skipped="0">
  <testcase classname="crudOperationwithoutBDD.PutProjectTest" name="putProject" time="1.465"/>
  <system-out/>
</testsuite> <!-- crudOperationwithoutBDD.PutProjectTest -->
