<?xml version="1.0" encoding="UTF-8"?>
<!-- Generated by org.testng.reporters.JUnitReportReporter -->
<testsuite hostname="Sunitha" failures="0" tests="2" name="datadrivenusingdataprovider.CreateMultipleObjectsWithDiffData" time="1.591" errors="0" timestamp="2022-09-05T10:40:53 IST" skipped="0">
  <testcase classname="datadrivenusingdataprovider.CreateMultipleObjectsWithDiffData" name="createProject" time="1.562"/>
  <system-out/>
  <testcase classname="datadrivenusingdataprovider.CreateMultipleObjectsWithDiffData" name="createProject" time="0.029"/>
  <system-out/>
</testsuite> <!-- datadrivenusingdataprovider.CreateMultipleObjectsWithDiffData -->
