<?xml version="1.0" encoding="UTF-8"?>
<!-- Generated by org.testng.reporters.JUnitReportReporter -->
<testsuite hostname="Sunitha" failures="0" tests="1" name="crudOperationwithoutBDD.GetSingleProjectTest" time="1.234" errors="0" timestamp="2022-09-02T10:50:02 IST" skipped="0">
  <testcase classname="crudOperationwithoutBDD.GetSingleProjectTest" name="getSingleproject" time="1.234"/>
  <system-out/>
</testsuite> <!-- crudOperationwithoutBDD.GetSingleProjectTest -->
