<?xml version="1.0" encoding="UTF-8"?>
<!-- Generated by org.testng.reporters.JUnitReportReporter -->
<testsuite hostname="Sunitha" failures="0" tests="1" name="pojoClass.PostProjectusingPojoTest" time="1.160" errors="0" timestamp="2022-09-02T17:38:50 IST" skipped="0">
  <testcase classname="pojoClass.PostProjectusingPojoTest" name="addingtheProject" time="1.160"/>
  <system-out/>
</testsuite> <!-- pojoClass.PostProjectusingPojoTest -->
