<?xml version="1.0" encoding="UTF-8"?>
<!-- Generated by org.testng.reporters.JUnitReportReporter -->
<testsuite hostname="Sunitha" failures="0" tests="1" name="crudOperationswithBDD.GetProject" time="1.554" errors="0" timestamp="2022-09-05T13:24:59 IST" skipped="0">
  <testcase classname="crudOperationswithBDD.GetProject" name="getalltheProjects" time="1.554"/>
  <system-out/>
</testsuite> <!-- crudOperationswithBDD.GetProject -->
