<?xml version="1.0" encoding="UTF-8"?>
<!-- Generated by org.testng.reporters.JUnitReportReporter -->
<testsuite hostname="Sunitha" failures="0" tests="1" name="pojoClass.AddProjectUsingJsonObject" time="1.158" errors="0" timestamp="2022-09-02T18:40:57 IST" skipped="0">
  <testcase classname="pojoClass.AddProjectUsingJsonObject" name="addproject" time="1.158"/>
  <system-out/>
</testsuite> <!-- pojoClass.AddProjectUsingJsonObject -->
