<?xml version="1.0" encoding="UTF-8"?>
<!-- Generated by org.testng.reporters.JUnitReportReporter -->
<testsuite hostname="Sunitha" failures="0" tests="1" name="crudOperationswithBDD.UpdateOneProject" time="1.690" errors="0" timestamp="2022-09-02T16:39:15 IST" skipped="0">
  <testcase classname="crudOperationswithBDD.UpdateOneProject" name="fullyUpdate" time="1.690"/>
  <system-out/>
</testsuite> <!-- crudOperationswithBDD.UpdateOneProject -->
