<?xml version="1.0" encoding="UTF-8"?>
<!-- Generated by org.testng.reporters.JUnitReportReporter -->
<testsuite hostname="Sunitha" failures="0" tests="1" name="StaticAndDynamic.Validation.StaticValidation" time="2.115" errors="0" timestamp="2022-09-05T13:31:02 IST" skipped="0">
  <testcase classname="StaticAndDynamic.Validation.StaticValidation" name="staticResponse" time="2.115"/>
  <system-out/>
</testsuite> <!-- StaticAndDynamic.Validation.StaticValidation -->
